2021/12/18 16:19:44 [notice] 1#1: using the "epoll" event method
2021/12/18 16:19:44 [notice] 1#1: nginx/1.21.0
2021/12/18 16:19:44 [notice] 1#1: built by gcc 10.2.1 20201203 (Alpine 10.2.1_pre1) 
2021/12/18 16:19:44 [notice] 1#1: OS: Linux 5.10.60.1-microsoft-standard-WSL2
2021/12/18 16:19:44 [notice] 1#1: getrlimit(RLIMIT_NOFILE): 1048576:1048576
2021/12/18 16:19:44 [notice] 1#1: start worker processes
2021/12/18 16:19:44 [notice] 1#1: start worker process 31
2021/12/18 16:19:44 [notice] 1#1: start worker process 32
2021/12/18 16:19:44 [notice] 1#1: start worker process 33
2021/12/18 16:19:44 [notice] 1#1: start worker process 34
2021/12/18 16:19:44 [notice] 1#1: start worker process 35
2021/12/18 16:19:44 [notice] 1#1: start worker process 36
2021/12/18 16:19:44 [notice] 1#1: start worker process 37
2021/12/18 16:19:44 [notice] 1#1: start worker process 38
2021/12/18 16:19:44 [notice] 1#1: start worker process 39
2021/12/18 16:19:44 [notice] 1#1: start worker process 40
2021/12/18 16:19:44 [notice] 1#1: start worker process 41
2021/12/18 16:19:44 [notice] 1#1: start worker process 42
2021/12/18 16:19:44 [notice] 1#1: start worker process 43
2021/12/18 16:19:44 [notice] 1#1: start worker process 44
2021/12/18 16:19:44 [notice] 1#1: start worker process 45
2021/12/18 16:19:44 [notice] 1#1: start worker process 46
2021/12/18 16:27:48 [notice] 1#1: signal 3 (SIGQUIT) received, shutting down
2021/12/18 16:27:48 [notice] 31#31: gracefully shutting down
2021/12/18 16:27:48 [notice] 32#32: gracefully shutting down
2021/12/18 16:27:48 [notice] 33#33: gracefully shutting down
2021/12/18 16:27:48 [notice] 34#34: gracefully shutting down
2021/12/18 16:27:48 [notice] 31#31: exiting
2021/12/18 16:27:48 [notice] 32#32: exiting
2021/12/18 16:27:48 [notice] 33#33: exiting
2021/12/18 16:27:48 [notice] 34#34: exiting
2021/12/18 16:27:48 [notice] 35#35: gracefully shutting down
2021/12/18 16:27:48 [notice] 36#36: gracefully shutting down
2021/12/18 16:27:48 [notice] 35#35: exiting
2021/12/18 16:27:48 [notice] 37#37: gracefully shutting down
2021/12/18 16:27:48 [notice] 36#36: exiting
2021/12/18 16:27:48 [notice] 38#38: gracefully shutting down
2021/12/18 16:27:48 [notice] 37#37: exiting
2021/12/18 16:27:48 [notice] 39#39: gracefully shutting down
2021/12/18 16:27:48 [notice] 38#38: exiting
2021/12/18 16:27:48 [notice] 40#40: gracefully shutting down
2021/12/18 16:27:48 [notice] 34#34: exit
2021/12/18 16:27:48 [notice] 32#32: exit
2021/12/18 16:27:48 [notice] 33#33: exit
2021/12/18 16:27:48 [notice] 41#41: gracefully shutting down
2021/12/18 16:27:48 [notice] 39#39: exiting
2021/12/18 16:27:48 [notice] 40#40: exiting
2021/12/18 16:27:48 [notice] 31#31: exit
2021/12/18 16:27:48 [notice] 35#35: exit
2021/12/18 16:27:48 [notice] 36#36: exit
2021/12/18 16:27:48 [notice] 41#41: exiting
2021/12/18 16:27:48 [notice] 44#44: gracefully shutting down
2021/12/18 16:27:48 [notice] 45#45: gracefully shutting down
2021/12/18 16:27:48 [notice] 37#37: exit
2021/12/18 16:27:48 [notice] 42#42: gracefully shutting down
2021/12/18 16:27:48 [notice] 44#44: exiting
2021/12/18 16:27:48 [notice] 38#38: exit
2021/12/18 16:27:48 [notice] 45#45: exiting
2021/12/18 16:27:48 [notice] 42#42: exiting
2021/12/18 16:27:48 [notice] 39#39: exit
2021/12/18 16:27:48 [notice] 40#40: exit
2021/12/18 16:27:48 [notice] 41#41: exit
2021/12/18 16:27:48 [notice] 44#44: exit
2021/12/18 16:27:48 [notice] 45#45: exit
2021/12/18 16:27:48 [notice] 42#42: exit
2021/12/18 16:27:48 [notice] 43#43: gracefully shutting down
2021/12/18 16:27:48 [notice] 46#46: gracefully shutting down
2021/12/18 16:27:48 [notice] 43#43: exiting
2021/12/18 16:27:48 [notice] 46#46: exiting
2021/12/18 16:27:48 [notice] 46#46: exit
2021/12/18 16:27:48 [notice] 43#43: exit
2021/12/18 16:27:48 [notice] 1#1: signal 17 (SIGCHLD) received from 35
2021/12/18 16:27:48 [notice] 1#1: worker process 35 exited with code 0
2021/12/18 16:27:48 [notice] 1#1: signal 29 (SIGIO) received
2021/12/18 16:27:48 [notice] 1#1: signal 17 (SIGCHLD) received from 37
2021/12/18 16:27:48 [notice] 1#1: worker process 36 exited with code 0
2021/12/18 16:27:48 [notice] 1#1: worker process 37 exited with code 0
2021/12/18 16:27:48 [notice] 1#1: worker process 33 exited with code 0
2021/12/18 16:27:48 [notice] 1#1: worker process 40 exited with code 0
2021/12/18 16:27:48 [notice] 1#1: worker process 44 exited with code 0
2021/12/18 16:27:48 [notice] 1#1: worker process 46 exited with code 0
2021/12/18 16:27:48 [notice] 1#1: signal 29 (SIGIO) received
2021/12/18 16:27:48 [notice] 1#1: signal 17 (SIGCHLD) received from 36
2021/12/18 16:27:48 [notice] 1#1: worker process 34 exited with code 0
2021/12/18 16:27:48 [notice] 1#1: signal 29 (SIGIO) received
2021/12/18 16:27:48 [notice] 1#1: signal 17 (SIGCHLD) received from 42
2021/12/18 16:27:48 [notice] 1#1: worker process 42 exited with code 0
2021/12/18 16:27:48 [notice] 1#1: signal 29 (SIGIO) received
2021/12/18 16:27:48 [notice] 1#1: signal 17 (SIGCHLD) received from 32
2021/12/18 16:27:48 [notice] 1#1: worker process 31 exited with code 0
2021/12/18 16:27:48 [notice] 1#1: worker process 32 exited with code 0
2021/12/18 16:27:48 [notice] 1#1: worker process 38 exited with code 0
2021/12/18 16:27:48 [notice] 1#1: worker process 39 exited with code 0
2021/12/18 16:27:48 [notice] 1#1: signal 29 (SIGIO) received
2021/12/18 16:27:48 [notice] 1#1: signal 17 (SIGCHLD) received from 31
2021/12/18 16:27:48 [notice] 1#1: signal 17 (SIGCHLD) received from 41
2021/12/18 16:27:48 [notice] 1#1: worker process 41 exited with code 0
2021/12/18 16:27:48 [notice] 1#1: signal 29 (SIGIO) received
2021/12/18 16:27:48 [notice] 1#1: signal 17 (SIGCHLD) received from 45
2021/12/18 16:27:48 [notice] 1#1: worker process 43 exited with code 0
2021/12/18 16:27:48 [notice] 1#1: worker process 45 exited with code 0
2021/12/18 16:27:48 [notice] 1#1: exit
2021/12/19 18:50:16 [notice] 1#1: using the "epoll" event method
2021/12/19 18:50:16 [notice] 1#1: nginx/1.21.0
2021/12/19 18:50:16 [notice] 1#1: built by gcc 10.2.1 20201203 (Alpine 10.2.1_pre1) 
2021/12/19 18:50:16 [notice] 1#1: OS: Linux 5.11.0-43-generic
2021/12/19 18:50:16 [notice] 1#1: getrlimit(RLIMIT_NOFILE): 1048576:1048576
2021/12/19 18:50:16 [notice] 1#1: start worker processes
2021/12/19 18:50:16 [notice] 1#1: start worker process 31
2021/12/19 18:50:16 [notice] 1#1: start worker process 32
2021/12/19 18:50:16 [notice] 1#1: start worker process 33
2021/12/19 18:50:16 [notice] 1#1: start worker process 34
2021/12/20 13:05:43 [notice] 1#1: signal 3 (SIGQUIT) received, shutting down
2021/12/20 13:05:43 [notice] 32#32: gracefully shutting down
2021/12/20 13:05:43 [notice] 31#31: gracefully shutting down
2021/12/20 13:05:43 [notice] 31#31: exiting
2021/12/20 13:05:43 [notice] 31#31: exit
2021/12/20 13:05:43 [notice] 33#33: gracefully shutting down
2021/12/20 13:05:43 [notice] 33#33: exiting
2021/12/20 13:05:43 [notice] 33#33: exit
2021/12/20 13:05:43 [notice] 32#32: exiting
2021/12/20 13:05:43 [notice] 32#32: exit
2021/12/20 13:05:43 [notice] 34#34: gracefully shutting down
2021/12/20 13:05:43 [notice] 34#34: exiting
2021/12/20 13:05:43 [notice] 34#34: exit
2021/12/20 13:05:43 [notice] 1#1: signal 17 (SIGCHLD) received from 31
2021/12/20 13:05:43 [notice] 1#1: worker process 31 exited with code 0
2021/12/20 13:05:43 [notice] 1#1: signal 29 (SIGIO) received
2021/12/20 13:05:43 [notice] 1#1: signal 17 (SIGCHLD) received from 33
2021/12/20 13:05:43 [notice] 1#1: worker process 33 exited with code 0
2021/12/20 13:05:43 [notice] 1#1: signal 29 (SIGIO) received
2021/12/20 13:05:43 [notice] 1#1: signal 17 (SIGCHLD) received from 32
2021/12/20 13:05:43 [notice] 1#1: worker process 32 exited with code 0
2021/12/20 13:05:43 [notice] 1#1: signal 29 (SIGIO) received
2021/12/20 13:05:43 [notice] 1#1: signal 17 (SIGCHLD) received from 34
2021/12/20 13:05:43 [notice] 1#1: worker process 34 exited with code 0
2021/12/20 13:05:43 [notice] 1#1: exit
2021/12/20 16:35:15 [notice] 1#1: using the "epoll" event method
2021/12/20 16:35:15 [notice] 1#1: nginx/1.21.0
2021/12/20 16:35:15 [notice] 1#1: built by gcc 10.2.1 20201203 (Alpine 10.2.1_pre1) 
2021/12/20 16:35:15 [notice] 1#1: OS: Linux 5.11.0-43-generic
2021/12/20 16:35:15 [notice] 1#1: getrlimit(RLIMIT_NOFILE): 1048576:1048576
2021/12/20 16:35:15 [notice] 1#1: start worker processes
2021/12/20 16:35:15 [notice] 1#1: start worker process 32
2021/12/20 16:35:15 [notice] 1#1: start worker process 33
2021/12/20 16:35:15 [notice] 1#1: start worker process 34
2021/12/20 16:35:15 [notice] 1#1: start worker process 35
2021/12/20 16:36:01 [notice] 1#1: signal 3 (SIGQUIT) received, shutting down
2021/12/20 16:36:01 [notice] 33#33: gracefully shutting down
2021/12/20 16:36:01 [notice] 32#32: gracefully shutting down
2021/12/20 16:36:01 [notice] 33#33: exiting
2021/12/20 16:36:01 [notice] 32#32: exiting
2021/12/20 16:36:01 [notice] 35#35: gracefully shutting down
2021/12/20 16:36:01 [notice] 35#35: exiting
2021/12/20 16:36:01 [notice] 32#32: exit
2021/12/20 16:36:01 [notice] 33#33: exit
2021/12/20 16:36:01 [notice] 35#35: exit
2021/12/20 16:36:01 [notice] 34#34: gracefully shutting down
2021/12/20 16:36:01 [notice] 34#34: exiting
2021/12/20 16:36:01 [notice] 34#34: exit
2021/12/20 16:36:01 [notice] 1#1: signal 17 (SIGCHLD) received from 32
2021/12/20 16:36:01 [notice] 1#1: worker process 32 exited with code 0
2021/12/20 16:36:01 [notice] 1#1: signal 29 (SIGIO) received
2021/12/20 16:36:01 [notice] 1#1: signal 17 (SIGCHLD) received from 35
2021/12/20 16:36:01 [notice] 1#1: worker process 35 exited with code 0
2021/12/20 16:36:01 [notice] 1#1: signal 29 (SIGIO) received
2021/12/20 16:36:01 [notice] 1#1: signal 17 (SIGCHLD) received from 33
2021/12/20 16:36:01 [notice] 1#1: worker process 33 exited with code 0
2021/12/20 16:36:01 [notice] 1#1: signal 29 (SIGIO) received
2021/12/20 16:36:01 [notice] 1#1: signal 17 (SIGCHLD) received from 34
2021/12/20 16:36:01 [notice] 1#1: worker process 34 exited with code 0
2021/12/20 16:36:01 [notice] 1#1: exit
2021/12/20 17:24:57 [notice] 1#1: using the "epoll" event method
2021/12/20 17:24:57 [notice] 1#1: nginx/1.21.0
2021/12/20 17:24:57 [notice] 1#1: built by gcc 10.2.1 20201203 (Alpine 10.2.1_pre1) 
2021/12/20 17:24:57 [notice] 1#1: OS: Linux 5.11.0-43-generic
2021/12/20 17:24:57 [notice] 1#1: getrlimit(RLIMIT_NOFILE): 1048576:1048576
2021/12/20 17:24:57 [notice] 1#1: start worker processes
2021/12/20 17:24:57 [notice] 1#1: start worker process 31
2021/12/20 17:24:57 [notice] 1#1: start worker process 32
2021/12/20 17:24:57 [notice] 1#1: start worker process 33
2021/12/20 17:24:57 [notice] 1#1: start worker process 34
2021/12/20 18:49:48 [notice] 1#1: signal 3 (SIGQUIT) received, shutting down
2021/12/20 18:49:48 [notice] 33#33: gracefully shutting down
2021/12/20 18:49:48 [notice] 32#32: gracefully shutting down
2021/12/20 18:49:48 [notice] 33#33: exiting
2021/12/20 18:49:48 [notice] 32#32: exiting
2021/12/20 18:49:48 [notice] 32#32: exit
2021/12/20 18:49:48 [notice] 33#33: exit
2021/12/20 18:49:48 [notice] 34#34: gracefully shutting down
2021/12/20 18:49:48 [notice] 34#34: exiting
2021/12/20 18:49:48 [notice] 34#34: exit
2021/12/20 18:49:48 [notice] 31#31: gracefully shutting down
2021/12/20 18:49:48 [notice] 31#31: exiting
2021/12/20 18:49:48 [notice] 31#31: exit
2021/12/20 18:49:48 [notice] 1#1: signal 17 (SIGCHLD) received from 33
2021/12/20 18:49:48 [notice] 1#1: worker process 33 exited with code 0
2021/12/20 18:49:48 [notice] 1#1: signal 29 (SIGIO) received
2021/12/20 18:49:48 [notice] 1#1: signal 17 (SIGCHLD) received from 34
2021/12/20 18:49:48 [notice] 1#1: worker process 34 exited with code 0
2021/12/20 18:49:48 [notice] 1#1: signal 29 (SIGIO) received
2021/12/20 18:49:48 [notice] 1#1: signal 17 (SIGCHLD) received from 32
2021/12/20 18:49:48 [notice] 1#1: worker process 32 exited with code 0
2021/12/20 18:49:48 [notice] 1#1: signal 29 (SIGIO) received
2021/12/20 18:49:48 [notice] 1#1: signal 17 (SIGCHLD) received from 31
2021/12/20 18:49:48 [notice] 1#1: worker process 31 exited with code 0
2021/12/20 18:49:48 [notice] 1#1: exit
2021/12/21 18:12:53 [notice] 1#1: using the "epoll" event method
2021/12/21 18:12:53 [notice] 1#1: nginx/1.21.0
2021/12/21 18:12:53 [notice] 1#1: built by gcc 10.2.1 20201203 (Alpine 10.2.1_pre1) 
2021/12/21 18:12:53 [notice] 1#1: OS: Linux 5.11.0-43-generic
2021/12/21 18:12:53 [notice] 1#1: getrlimit(RLIMIT_NOFILE): 1048576:1048576
2021/12/21 18:12:53 [notice] 1#1: start worker processes
2021/12/21 18:12:53 [notice] 1#1: start worker process 32
2021/12/21 18:12:53 [notice] 1#1: start worker process 33
2021/12/21 18:12:53 [notice] 1#1: start worker process 34
2021/12/21 18:12:53 [notice] 1#1: start worker process 35
2021/12/22 14:27:37 [notice] 1#1: signal 3 (SIGQUIT) received, shutting down
2021/12/22 14:27:37 [notice] 32#32: gracefully shutting down
2021/12/22 14:27:37 [notice] 34#34: gracefully shutting down
2021/12/22 14:27:37 [notice] 32#32: exiting
2021/12/22 14:27:37 [notice] 34#34: exiting
2021/12/22 14:27:37 [notice] 34#34: exit
2021/12/22 14:27:37 [notice] 32#32: exit
2021/12/22 14:27:37 [notice] 35#35: gracefully shutting down
2021/12/22 14:27:37 [notice] 35#35: exiting
2021/12/22 14:27:37 [notice] 35#35: exit
2021/12/22 14:27:37 [notice] 33#33: gracefully shutting down
2021/12/22 14:27:37 [notice] 33#33: exiting
2021/12/22 14:27:37 [notice] 33#33: exit
2021/12/22 14:27:37 [notice] 1#1: signal 17 (SIGCHLD) received from 34
2021/12/22 14:27:37 [notice] 1#1: worker process 33 exited with code 0
2021/12/22 14:27:37 [notice] 1#1: worker process 34 exited with code 0
2021/12/22 14:27:37 [notice] 1#1: worker process 35 exited with code 0
2021/12/22 14:27:37 [notice] 1#1: signal 29 (SIGIO) received
2021/12/22 14:27:37 [notice] 1#1: signal 17 (SIGCHLD) received from 35
2021/12/22 14:27:37 [notice] 1#1: signal 17 (SIGCHLD) received from 32
2021/12/22 14:27:37 [notice] 1#1: worker process 32 exited with code 0
2021/12/22 14:27:37 [notice] 1#1: exit
2021/12/22 16:27:33 [notice] 1#1: using the "epoll" event method
2021/12/22 16:27:33 [notice] 1#1: nginx/1.21.0
2021/12/22 16:27:33 [notice] 1#1: built by gcc 10.2.1 20201203 (Alpine 10.2.1_pre1) 
2021/12/22 16:27:33 [notice] 1#1: OS: Linux 5.11.0-43-generic
2021/12/22 16:27:33 [notice] 1#1: getrlimit(RLIMIT_NOFILE): 1048576:1048576
2021/12/22 16:27:33 [notice] 1#1: start worker processes
2021/12/22 16:27:33 [notice] 1#1: start worker process 31
2021/12/22 16:27:33 [notice] 1#1: start worker process 32
2021/12/22 16:27:33 [notice] 1#1: start worker process 33
2021/12/22 16:27:33 [notice] 1#1: start worker process 34
2021/12/22 17:28:58 [notice] 1#1: signal 3 (SIGQUIT) received, shutting down
2021/12/22 17:28:58 [notice] 34#34: gracefully shutting down
2021/12/22 17:28:58 [notice] 34#34: exiting
2021/12/22 17:28:58 [notice] 34#34: exit
2021/12/22 17:28:58 [notice] 33#33: gracefully shutting down
2021/12/22 17:28:58 [notice] 33#33: exiting
2021/12/22 17:28:58 [notice] 33#33: exit
2021/12/22 17:28:58 [notice] 31#31: gracefully shutting down
2021/12/22 17:28:58 [notice] 31#31: exiting
2021/12/22 17:28:58 [notice] 31#31: exit
2021/12/22 17:28:58 [notice] 32#32: gracefully shutting down
2021/12/22 17:28:58 [notice] 32#32: exiting
2021/12/22 17:28:58 [notice] 32#32: exit
2021/12/22 17:28:58 [notice] 1#1: signal 17 (SIGCHLD) received from 34
2021/12/22 17:28:58 [notice] 1#1: worker process 34 exited with code 0
2021/12/22 17:28:58 [notice] 1#1: signal 29 (SIGIO) received
2021/12/22 17:28:58 [notice] 1#1: signal 17 (SIGCHLD) received from 33
2021/12/22 17:28:58 [notice] 1#1: worker process 33 exited with code 0
2021/12/22 17:28:58 [notice] 1#1: signal 29 (SIGIO) received
2021/12/22 17:28:58 [notice] 1#1: signal 17 (SIGCHLD) received from 32
2021/12/22 17:28:58 [notice] 1#1: worker process 32 exited with code 0
2021/12/22 17:28:58 [notice] 1#1: signal 29 (SIGIO) received
2021/12/22 17:28:58 [notice] 1#1: signal 17 (SIGCHLD) received from 31
2021/12/22 17:28:58 [notice] 1#1: worker process 31 exited with code 0
2021/12/22 17:28:58 [notice] 1#1: exit
2021/12/22 17:36:43 [notice] 1#1: using the "epoll" event method
2021/12/22 17:36:43 [notice] 1#1: nginx/1.21.0
2021/12/22 17:36:43 [notice] 1#1: built by gcc 10.2.1 20201203 (Alpine 10.2.1_pre1) 
2021/12/22 17:36:43 [notice] 1#1: OS: Linux 5.11.0-43-generic
2021/12/22 17:36:43 [notice] 1#1: getrlimit(RLIMIT_NOFILE): 1048576:1048576
2021/12/22 17:36:43 [notice] 1#1: start worker processes
2021/12/22 17:36:43 [notice] 1#1: start worker process 32
2021/12/22 17:36:43 [notice] 1#1: start worker process 33
2021/12/22 17:36:43 [notice] 1#1: start worker process 34
2021/12/22 17:36:43 [notice] 1#1: start worker process 35
2021/12/22 17:36:46 [notice] 1#1: signal 3 (SIGQUIT) received, shutting down
2021/12/22 17:36:46 [notice] 32#32: gracefully shutting down
2021/12/22 17:36:46 [notice] 34#34: gracefully shutting down
2021/12/22 17:36:46 [notice] 32#32: exiting
2021/12/22 17:36:46 [notice] 34#34: exiting
2021/12/22 17:36:46 [notice] 34#34: exit
2021/12/22 17:36:46 [notice] 32#32: exit
2021/12/22 17:36:46 [notice] 33#33: gracefully shutting down
2021/12/22 17:36:46 [notice] 33#33: exiting
2021/12/22 17:36:46 [notice] 33#33: exit
2021/12/22 17:36:46 [notice] 35#35: gracefully shutting down
2021/12/22 17:36:46 [notice] 35#35: exiting
2021/12/22 17:36:46 [notice] 35#35: exit
2021/12/22 17:36:46 [notice] 1#1: signal 17 (SIGCHLD) received from 35
2021/12/22 17:36:46 [notice] 1#1: worker process 32 exited with code 0
2021/12/22 17:36:46 [notice] 1#1: worker process 33 exited with code 0
2021/12/22 17:36:46 [notice] 1#1: worker process 35 exited with code 0
2021/12/22 17:36:46 [notice] 1#1: signal 29 (SIGIO) received
2021/12/22 17:36:46 [notice] 1#1: signal 17 (SIGCHLD) received from 34
2021/12/22 17:36:46 [notice] 1#1: worker process 34 exited with code 0
2021/12/22 17:36:46 [notice] 1#1: exit
2021/12/22 17:41:37 [notice] 1#1: using the "epoll" event method
2021/12/22 17:41:37 [notice] 1#1: nginx/1.21.0
2021/12/22 17:41:37 [notice] 1#1: built by gcc 10.2.1 20201203 (Alpine 10.2.1_pre1) 
2021/12/22 17:41:37 [notice] 1#1: OS: Linux 5.11.0-43-generic
2021/12/22 17:41:37 [notice] 1#1: getrlimit(RLIMIT_NOFILE): 1048576:1048576
2021/12/22 17:41:37 [notice] 1#1: start worker processes
2021/12/22 17:41:37 [notice] 1#1: start worker process 31
2021/12/22 17:41:37 [notice] 1#1: start worker process 32
2021/12/22 17:41:37 [notice] 1#1: start worker process 33
2021/12/22 17:41:37 [notice] 1#1: start worker process 34
2021/12/22 19:45:00 [notice] 1#1: signal 3 (SIGQUIT) received, shutting down
2021/12/22 19:45:00 [notice] 34#34: gracefully shutting down
2021/12/22 19:45:00 [notice] 33#33: gracefully shutting down
2021/12/22 19:45:00 [notice] 34#34: exiting
2021/12/22 19:45:00 [notice] 33#33: exiting
2021/12/22 19:45:00 [notice] 33#33: exit
2021/12/22 19:45:00 [notice] 34#34: exit
2021/12/22 19:45:00 [notice] 31#31: gracefully shutting down
2021/12/22 19:45:00 [notice] 32#32: gracefully shutting down
2021/12/22 19:45:00 [notice] 31#31: exiting
2021/12/22 19:45:00 [notice] 32#32: exiting
2021/12/22 19:45:00 [notice] 31#31: exit
2021/12/22 19:45:00 [notice] 32#32: exit
2021/12/22 19:45:00 [notice] 1#1: signal 17 (SIGCHLD) received from 33
2021/12/22 19:45:00 [notice] 1#1: worker process 32 exited with code 0
2021/12/22 19:45:00 [notice] 1#1: worker process 33 exited with code 0
2021/12/22 19:45:00 [notice] 1#1: signal 29 (SIGIO) received
2021/12/22 19:45:00 [notice] 1#1: signal 17 (SIGCHLD) received from 34
2021/12/22 19:45:00 [notice] 1#1: worker process 34 exited with code 0
2021/12/22 19:45:00 [notice] 1#1: signal 17 (SIGCHLD) received from 31
2021/12/22 19:45:00 [notice] 1#1: worker process 31 exited with code 0
2021/12/22 19:45:00 [notice] 1#1: exit
2021/12/23 18:21:12 [notice] 1#1: using the "epoll" event method
2021/12/23 18:21:12 [notice] 1#1: nginx/1.21.0
2021/12/23 18:21:12 [notice] 1#1: built by gcc 10.2.1 20201203 (Alpine 10.2.1_pre1) 
2021/12/23 18:21:12 [notice] 1#1: OS: Linux 5.11.0-43-generic
2021/12/23 18:21:12 [notice] 1#1: getrlimit(RLIMIT_NOFILE): 1048576:1048576
2021/12/23 18:21:12 [notice] 1#1: start worker processes
2021/12/23 18:21:12 [notice] 1#1: start worker process 31
2021/12/23 18:21:12 [notice] 1#1: start worker process 32
2021/12/23 18:21:12 [notice] 1#1: start worker process 33
2021/12/23 18:21:12 [notice] 1#1: start worker process 34
2021/12/23 21:53:09 [notice] 1#1: using the "epoll" event method
2021/12/23 21:53:09 [notice] 1#1: nginx/1.21.0
2021/12/23 21:53:09 [notice] 1#1: built by gcc 10.2.1 20201203 (Alpine 10.2.1_pre1) 
2021/12/23 21:53:09 [notice] 1#1: OS: Linux 5.11.0-43-generic
2021/12/23 21:53:09 [notice] 1#1: getrlimit(RLIMIT_NOFILE): 1048576:1048576
2021/12/23 21:53:09 [notice] 1#1: start worker processes
2021/12/23 21:53:09 [notice] 1#1: start worker process 31
2021/12/23 21:53:09 [notice] 1#1: start worker process 32
2021/12/23 21:53:09 [notice] 1#1: start worker process 33
2021/12/23 21:53:09 [notice] 1#1: start worker process 34
2022/01/16 22:53:01 [notice] 1#1: using the "epoll" event method
2022/01/16 22:53:01 [notice] 1#1: nginx/1.21.0
2022/01/16 22:53:01 [notice] 1#1: built by gcc 10.2.1 20201203 (Alpine 10.2.1_pre1) 
2022/01/16 22:53:01 [notice] 1#1: OS: Linux 5.11.0-46-generic
2022/01/16 22:53:01 [notice] 1#1: getrlimit(RLIMIT_NOFILE): 1048576:1048576
2022/01/16 22:53:01 [notice] 1#1: start worker processes
2022/01/16 22:53:01 [notice] 1#1: start worker process 31
2022/01/16 22:53:01 [notice] 1#1: start worker process 32
2022/01/16 22:53:01 [notice] 1#1: start worker process 33
2022/01/16 22:53:01 [notice] 1#1: start worker process 34
2022/01/17 16:41:45 [notice] 1#1: signal 3 (SIGQUIT) received, shutting down
2022/01/17 16:41:45 [notice] 32#32: gracefully shutting down
2022/01/17 16:41:45 [notice] 33#33: gracefully shutting down
2022/01/17 16:41:45 [notice] 32#32: exiting
2022/01/17 16:41:45 [notice] 33#33: exiting
2022/01/17 16:41:45 [notice] 33#33: exit
2022/01/17 16:41:45 [notice] 32#32: exit
2022/01/17 16:41:45 [notice] 31#31: gracefully shutting down
2022/01/17 16:41:45 [notice] 34#34: gracefully shutting down
2022/01/17 16:41:45 [notice] 31#31: exiting
2022/01/17 16:41:45 [notice] 34#34: exiting
2022/01/17 16:41:45 [notice] 31#31: exit
2022/01/17 16:41:45 [notice] 34#34: exit
2022/01/17 16:41:45 [notice] 1#1: signal 17 (SIGCHLD) received from 32
2022/01/17 16:41:45 [notice] 1#1: worker process 32 exited with code 0
2022/01/17 16:41:45 [notice] 1#1: signal 29 (SIGIO) received
2022/01/17 16:41:45 [notice] 1#1: signal 17 (SIGCHLD) received from 31
2022/01/17 16:41:45 [notice] 1#1: worker process 31 exited with code 0
2022/01/17 16:41:45 [notice] 1#1: signal 29 (SIGIO) received
2022/01/17 16:41:45 [notice] 1#1: signal 17 (SIGCHLD) received from 33
2022/01/17 16:41:45 [notice] 1#1: worker process 33 exited with code 0
2022/01/17 16:41:45 [notice] 1#1: signal 29 (SIGIO) received
2022/01/17 16:41:45 [notice] 1#1: signal 17 (SIGCHLD) received from 34
2022/01/17 16:41:45 [notice] 1#1: worker process 34 exited with code 0
2022/01/17 16:41:45 [notice] 1#1: exit
2022/01/17 17:09:51 [notice] 1#1: using the "epoll" event method
2022/01/17 17:09:51 [notice] 1#1: nginx/1.21.0
2022/01/17 17:09:51 [notice] 1#1: built by gcc 10.2.1 20201203 (Alpine 10.2.1_pre1) 
2022/01/17 17:09:51 [notice] 1#1: OS: Linux 5.11.0-46-generic
2022/01/17 17:09:51 [notice] 1#1: getrlimit(RLIMIT_NOFILE): 1048576:1048576
2022/01/17 17:09:51 [notice] 1#1: start worker processes
2022/01/17 17:09:51 [notice] 1#1: start worker process 30
2022/01/17 17:09:51 [notice] 1#1: start worker process 31
2022/01/17 17:09:51 [notice] 1#1: start worker process 32
2022/01/17 17:09:51 [notice] 1#1: start worker process 33
2022/01/17 19:21:58 [notice] 1#1: signal 3 (SIGQUIT) received, shutting down
2022/01/17 19:21:58 [notice] 31#31: gracefully shutting down
2022/01/17 19:21:58 [notice] 32#32: gracefully shutting down
2022/01/17 19:21:58 [notice] 31#31: exiting
2022/01/17 19:21:58 [notice] 32#32: exiting
2022/01/17 19:21:58 [notice] 32#32: exit
2022/01/17 19:21:58 [notice] 31#31: exit
2022/01/17 19:21:58 [notice] 33#33: gracefully shutting down
2022/01/17 19:21:58 [notice] 33#33: exiting
2022/01/17 19:21:58 [notice] 33#33: exit
2022/01/17 19:21:58 [notice] 30#30: gracefully shutting down
2022/01/17 19:21:58 [notice] 30#30: exiting
2022/01/17 19:21:58 [notice] 30#30: exit
2022/01/17 19:21:59 [notice] 1#1: signal 17 (SIGCHLD) received from 30
2022/01/17 19:21:59 [notice] 1#1: worker process 30 exited with code 0
2022/01/17 19:21:59 [notice] 1#1: signal 29 (SIGIO) received
2022/01/17 19:21:59 [notice] 1#1: signal 17 (SIGCHLD) received from 31
2022/01/17 19:21:59 [notice] 1#1: worker process 31 exited with code 0
2022/01/17 19:21:59 [notice] 1#1: worker process 32 exited with code 0
2022/01/17 19:21:59 [notice] 1#1: worker process 33 exited with code 0
2022/01/17 19:21:59 [notice] 1#1: exit
2022/01/17 20:13:48 [notice] 1#1: using the "epoll" event method
2022/01/17 20:13:48 [notice] 1#1: nginx/1.21.0
2022/01/17 20:13:48 [notice] 1#1: built by gcc 10.2.1 20201203 (Alpine 10.2.1_pre1) 
2022/01/17 20:13:48 [notice] 1#1: OS: Linux 5.11.0-46-generic
2022/01/17 20:13:48 [notice] 1#1: getrlimit(RLIMIT_NOFILE): 1048576:1048576
2022/01/17 20:13:48 [notice] 1#1: start worker processes
2022/01/17 20:13:48 [notice] 1#1: start worker process 31
2022/01/17 20:13:48 [notice] 1#1: start worker process 32
2022/01/17 20:13:48 [notice] 1#1: start worker process 33
2022/01/17 20:13:48 [notice] 1#1: start worker process 34
2022/01/17 22:18:03 [notice] 1#1: signal 3 (SIGQUIT) received, shutting down
2022/01/17 22:18:03 [notice] 31#31: gracefully shutting down
2022/01/17 22:18:03 [notice] 33#33: gracefully shutting down
2022/01/17 22:18:03 [notice] 34#34: gracefully shutting down
2022/01/17 22:18:03 [notice] 31#31: exiting
2022/01/17 22:18:03 [notice] 33#33: exiting
2022/01/17 22:18:03 [notice] 34#34: exiting
2022/01/17 22:18:03 [notice] 31#31: exit
2022/01/17 22:18:03 [notice] 34#34: exit
2022/01/17 22:18:03 [notice] 33#33: exit
2022/01/17 22:18:03 [notice] 32#32: gracefully shutting down
2022/01/17 22:18:03 [notice] 32#32: exiting
2022/01/17 22:18:03 [notice] 32#32: exit
2022/01/17 22:18:03 [notice] 1#1: signal 17 (SIGCHLD) received from 34
2022/01/17 22:18:03 [notice] 1#1: worker process 34 exited with code 0
2022/01/17 22:18:03 [notice] 1#1: signal 29 (SIGIO) received
2022/01/17 22:18:03 [notice] 1#1: signal 17 (SIGCHLD) received from 31
2022/01/17 22:18:03 [notice] 1#1: worker process 31 exited with code 0
2022/01/17 22:18:03 [notice] 1#1: worker process 33 exited with code 0
2022/01/17 22:18:03 [notice] 1#1: signal 29 (SIGIO) received
2022/01/17 22:18:03 [notice] 1#1: signal 17 (SIGCHLD) received from 32
2022/01/17 22:18:03 [notice] 1#1: worker process 32 exited with code 0
2022/01/17 22:18:03 [notice] 1#1: exit
2022/01/19 17:34:14 [notice] 1#1: using the "epoll" event method
2022/01/19 17:34:14 [notice] 1#1: nginx/1.21.0
2022/01/19 17:34:14 [notice] 1#1: built by gcc 10.2.1 20201203 (Alpine 10.2.1_pre1) 
2022/01/19 17:34:14 [notice] 1#1: OS: Linux 5.11.0-46-generic
2022/01/19 17:34:14 [notice] 1#1: getrlimit(RLIMIT_NOFILE): 1048576:1048576
2022/01/19 17:34:14 [notice] 1#1: start worker processes
2022/01/19 17:34:14 [notice] 1#1: start worker process 31
2022/01/19 17:34:14 [notice] 1#1: start worker process 32
2022/01/19 17:34:14 [notice] 1#1: start worker process 33
2022/01/19 17:34:14 [notice] 1#1: start worker process 34
2022/01/19 19:47:08 [notice] 1#1: signal 3 (SIGQUIT) received, shutting down
2022/01/19 19:47:08 [notice] 31#31: gracefully shutting down
2022/01/19 19:47:08 [notice] 32#32: gracefully shutting down
2022/01/19 19:47:08 [notice] 33#33: gracefully shutting down
2022/01/19 19:47:08 [notice] 31#31: exiting
2022/01/19 19:47:08 [notice] 32#32: exiting
2022/01/19 19:47:08 [notice] 33#33: exiting
2022/01/19 19:47:08 [notice] 32#32: exit
2022/01/19 19:47:08 [notice] 31#31: exit
2022/01/19 19:47:08 [notice] 33#33: exit
2022/01/19 19:47:08 [notice] 34#34: gracefully shutting down
2022/01/19 19:47:08 [notice] 34#34: exiting
2022/01/19 19:47:08 [notice] 34#34: exit
2022/01/19 19:47:08 [notice] 1#1: signal 17 (SIGCHLD) received from 31
2022/01/19 19:47:08 [notice] 1#1: worker process 31 exited with code 0
2022/01/19 19:47:08 [notice] 1#1: signal 29 (SIGIO) received
2022/01/19 19:47:08 [notice] 1#1: signal 17 (SIGCHLD) received from 32
2022/01/19 19:47:08 [notice] 1#1: worker process 32 exited with code 0
2022/01/19 19:47:08 [notice] 1#1: signal 29 (SIGIO) received
2022/01/19 19:47:08 [notice] 1#1: signal 17 (SIGCHLD) received from 33
2022/01/19 19:47:08 [notice] 1#1: worker process 33 exited with code 0
2022/01/19 19:47:08 [notice] 1#1: worker process 34 exited with code 0
2022/01/19 19:47:08 [notice] 1#1: exit
2022/01/20 10:04:52 [notice] 1#1: using the "epoll" event method
2022/01/20 10:04:52 [notice] 1#1: nginx/1.21.0
2022/01/20 10:04:52 [notice] 1#1: built by gcc 10.2.1 20201203 (Alpine 10.2.1_pre1) 
2022/01/20 10:04:52 [notice] 1#1: OS: Linux 5.13.0-27-generic
2022/01/20 10:04:52 [notice] 1#1: getrlimit(RLIMIT_NOFILE): 1048576:1048576
2022/01/20 10:04:52 [notice] 1#1: start worker processes
2022/01/20 10:04:52 [notice] 1#1: start worker process 32
2022/01/20 10:04:52 [notice] 1#1: start worker process 33
2022/01/20 10:04:52 [notice] 1#1: start worker process 34
2022/01/20 10:04:52 [notice] 1#1: start worker process 35
2022/01/21 16:34:49 [notice] 1#1: signal 3 (SIGQUIT) received, shutting down
2022/01/21 16:34:49 [notice] 32#32: gracefully shutting down
2022/01/21 16:34:49 [notice] 34#34: gracefully shutting down
2022/01/21 16:34:49 [notice] 32#32: exiting
2022/01/21 16:34:49 [notice] 34#34: exiting
2022/01/21 16:34:49 [notice] 32#32: exit
2022/01/21 16:34:49 [notice] 34#34: exit
2022/01/21 16:34:49 [notice] 33#33: gracefully shutting down
2022/01/21 16:34:49 [notice] 35#35: gracefully shutting down
2022/01/21 16:34:49 [notice] 33#33: exiting
2022/01/21 16:34:49 [notice] 35#35: exiting
2022/01/21 16:34:49 [notice] 33#33: exit
2022/01/21 16:34:49 [notice] 35#35: exit
2022/01/21 16:34:49 [notice] 1#1: signal 17 (SIGCHLD) received from 32
2022/01/21 16:34:49 [notice] 1#1: worker process 32 exited with code 0
2022/01/21 16:34:49 [notice] 1#1: signal 29 (SIGIO) received
2022/01/21 16:34:49 [notice] 1#1: signal 17 (SIGCHLD) received from 33
2022/01/21 16:34:49 [notice] 1#1: worker process 33 exited with code 0
2022/01/21 16:34:49 [notice] 1#1: signal 29 (SIGIO) received
2022/01/21 16:34:49 [notice] 1#1: signal 17 (SIGCHLD) received from 35
2022/01/21 16:34:49 [notice] 1#1: worker process 35 exited with code 0
2022/01/21 16:34:49 [notice] 1#1: signal 29 (SIGIO) received
2022/01/21 16:34:49 [notice] 1#1: signal 17 (SIGCHLD) received from 34
2022/01/21 16:34:49 [notice] 1#1: worker process 34 exited with code 0
2022/01/21 16:34:49 [notice] 1#1: exit
2022/01/21 16:59:17 [notice] 1#1: using the "epoll" event method
2022/01/21 16:59:17 [notice] 1#1: nginx/1.21.0
2022/01/21 16:59:17 [notice] 1#1: built by gcc 10.2.1 20201203 (Alpine 10.2.1_pre1) 
2022/01/21 16:59:17 [notice] 1#1: OS: Linux 5.13.0-27-generic
2022/01/21 16:59:17 [notice] 1#1: getrlimit(RLIMIT_NOFILE): 1048576:1048576
2022/01/21 16:59:17 [notice] 1#1: start worker processes
2022/01/21 16:59:17 [notice] 1#1: start worker process 33
2022/01/21 16:59:17 [notice] 1#1: start worker process 34
2022/01/21 16:59:17 [notice] 1#1: start worker process 35
2022/01/21 16:59:17 [notice] 1#1: start worker process 36
2022/01/21 18:01:21 [notice] 1#1: signal 3 (SIGQUIT) received, shutting down
2022/01/21 18:01:21 [notice] 34#34: gracefully shutting down
2022/01/21 18:01:21 [notice] 36#36: gracefully shutting down
2022/01/21 18:01:21 [notice] 34#34: exiting
2022/01/21 18:01:21 [notice] 36#36: exiting
2022/01/21 18:01:21 [notice] 36#36: exit
2022/01/21 18:01:21 [notice] 34#34: exit
2022/01/21 18:01:21 [notice] 33#33: gracefully shutting down
2022/01/21 18:01:21 [notice] 35#35: gracefully shutting down
2022/01/21 18:01:21 [notice] 33#33: exiting
2022/01/21 18:01:21 [notice] 35#35: exiting
2022/01/21 18:01:21 [notice] 33#33: exit
2022/01/21 18:01:21 [notice] 35#35: exit
2022/01/21 18:01:21 [notice] 1#1: signal 17 (SIGCHLD) received from 36
2022/01/21 18:01:21 [notice] 1#1: worker process 36 exited with code 0
2022/01/21 18:01:21 [notice] 1#1: signal 29 (SIGIO) received
2022/01/21 18:01:21 [notice] 1#1: signal 17 (SIGCHLD) received from 35
2022/01/21 18:01:21 [notice] 1#1: worker process 35 exited with code 0
2022/01/21 18:01:21 [notice] 1#1: signal 29 (SIGIO) received
2022/01/21 18:01:21 [notice] 1#1: signal 17 (SIGCHLD) received from 34
2022/01/21 18:01:21 [notice] 1#1: worker process 34 exited with code 0
2022/01/21 18:01:21 [notice] 1#1: signal 29 (SIGIO) received
2022/01/21 18:01:21 [notice] 1#1: signal 17 (SIGCHLD) received from 33
2022/01/21 18:01:21 [notice] 1#1: worker process 33 exited with code 0
2022/01/21 18:01:21 [notice] 1#1: exit
2022/01/22 11:44:27 [notice] 1#1: using the "epoll" event method
2022/01/22 11:44:27 [notice] 1#1: nginx/1.21.0
2022/01/22 11:44:27 [notice] 1#1: built by gcc 10.2.1 20201203 (Alpine 10.2.1_pre1) 
2022/01/22 11:44:27 [notice] 1#1: OS: Linux 5.13.0-27-generic
2022/01/22 11:44:27 [notice] 1#1: getrlimit(RLIMIT_NOFILE): 1048576:1048576
2022/01/22 11:44:27 [notice] 1#1: start worker processes
2022/01/22 11:44:27 [notice] 1#1: start worker process 31
2022/01/22 11:44:27 [notice] 1#1: start worker process 32
2022/01/22 11:44:27 [notice] 1#1: start worker process 33
2022/01/22 11:44:27 [notice] 1#1: start worker process 34
